\BOOKMARK [0][-]{chapter*.2}{\376\377\000H\000o\000w\000\040\000t\000o\000\040\000U\000s\000e\000\040\000T\000h\000i\000s\000\040\000B\000o\000o\000k}{}% 1
\BOOKMARK [0][-]{chapter*.5}{\376\377\000N\000o\000t\000a\000t\000i\000o\000n\000\040\000a\000n\000d\000\040\000C\000o\000n\000v\000e\000n\000t\000i\000o\000n\000s}{}% 2
\BOOKMARK [0][-]{chapter.1}{\376\377\000S\000u\000p\000p\000o\000r\000t\000\040\000F\000u\000n\000c\000t\000i\000o\000n\000s\000:\000\040\000T\000h\000e\000\040\000D\000u\000a\000l\000\040\000G\000e\000o\000m\000e\000t\000r\000y}{}% 3
\BOOKMARK [1][-]{section.1.1}{\376\377\000C\000o\000r\000e\000\040\000d\000e\000f\000i\000n\000i\000t\000i\000o\000n\000s}{chapter.1}% 4
\BOOKMARK [1][-]{section.1.2}{\376\377\000S\000y\000n\000t\000h\000e\000s\000i\000s}{chapter.1}% 5
\BOOKMARK [0][-]{chapter.2}{\376\377\000F\000o\000u\000r\000i\000e\000r\000\040\000R\000e\000p\000r\000e\000s\000e\000n\000t\000a\000t\000i\000o\000n\000\040\000o\000f\000\040\000S\000u\000p\000p\000o\000r\000t\000\040\000F\000u\000n\000c\000t\000i\000o\000n\000s}{}% 6
\BOOKMARK [1][-]{section.2.1}{\376\377\000S\000a\000m\000p\000l\000i\000n\000g\000\040\000a\000n\000d\000\040\000F\000F\000T\000\040\000p\000i\000p\000e\000l\000i\000n\000e}{chapter.2}% 7
\BOOKMARK [1][-]{section.2.2}{\376\377\000N\000o\000t\000e\000s\000\040\000/\000\040\000r\000e\000s\000u\000l\000t\000s}{chapter.2}% 8
\BOOKMARK [0][-]{chapter.3}{\376\377\000T\000e\000a\000c\000h\000i\000n\000g\000\040\000S\000e\000t\000:\000\040\000C\000i\000r\000c\000l\000e\000,\000\040\000E\000l\000l\000i\000p\000s\000e\000,\000\040\000S\000q\000u\000a\000r\000e\000,\000\040\000R\000e\000g\000u\000l\000a\000r\000\040\000P\000o\000l\000y\000g\000o\000n\000s}{}% 9
\BOOKMARK [1][-]{section.3.1}{\376\377\000C\000i\000r\000c\000l\000e}{chapter.3}% 10
\BOOKMARK [1][-]{section.3.2}{\376\377\000E\000l\000l\000i\000p\000s\000e}{chapter.3}% 11
\BOOKMARK [1][-]{section.3.3}{\376\377\000S\000q\000u\000a\000r\000e\000\040\000a\000n\000d\000\040\000c\000o\000r\000n\000e\000r\000s}{chapter.3}% 12
\BOOKMARK [0][-]{chapter.4}{\376\377\000C\000o\000n\000s\000t\000a\000n\000t\000\040\000W\000i\000d\000t\000h\000,\000\040\000R\000a\000d\000i\000a\000l\000\040\000F\000u\000n\000c\000t\000i\000o\000n\000s\000,\000\040\000a\000n\000d\000\040\000C\000o\000n\000v\000e\000x\000\040\000H\000u\000l\000l}{}% 13
\BOOKMARK [1][-]{section.4.1}{\376\377\000C\000o\000n\000s\000t\000a\000n\000t\000\040\000w\000i\000d\000t\000h}{chapter.4}% 14
\BOOKMARK [1][-]{section.4.2}{\376\377\000R\000a\000d\000i\000a\000l\000\040\000v\000s\000\040\000s\000u\000p\000p\000o\000r\000t}{chapter.4}% 15
\BOOKMARK [0][-]{chapter.5}{\376\377\000T\000o\000w\000a\000r\000d\000\040\000P\000a\000c\000k\000i\000n\000g\000:\000\040\000C\000o\000l\000l\000i\000s\000i\000o\000n\000,\000\040\000M\000i\000n\000k\000o\000w\000s\000k\000i\000\040\000S\000u\000m\000s\000,\000\040\000a\000n\000d\000\040\000C\000o\000n\000f\000i\000g\000u\000r\000a\000t\000i\000o\000n\000\040\000S\000p\000a\000c\000e}{}% 16
\BOOKMARK [0][-]{chapter.6}{\376\377\000A\000p\000p\000l\000i\000c\000a\000t\000i\000o\000n\000:\000\040\000C\000h\000r\000i\000s\000t\000m\000a\000s\000\040\000T\000r\000e\000e\000\040\000S\000h\000a\000p\000e}{}% 17
\BOOKMARK [1][-]{section.6.1}{\376\377\000T\000r\000e\000e\000\040\000g\000e\000o\000m\000e\000t\000r\000y}{chapter.6}% 18
\BOOKMARK [1][-]{section.6.2}{\376\377\000B\000a\000n\000d\000-\000l\000i\000m\000i\000t\000e\000d\000\040\000a\000p\000p\000r\000o\000x\000i\000m\000a\000t\000i\000o\000n\000s}{chapter.6}% 19
\BOOKMARK [0][-]{appendix.A}{\376\377\000R\000e\000p\000r\000o\000d\000u\000c\000i\000b\000i\000l\000i\000t\000y\000\040\000L\000e\000d\000g\000e\000r}{}% 20
\BOOKMARK [1][-]{section.A.1}{\376\377\000F\000i\000g\000u\000r\000e\000\040\000c\000h\000e\000c\000k\000l\000i\000s\000t}{appendix.A}% 21
\BOOKMARK [1][-]{section.A.2}{\376\377\000C\000o\000d\000e\000\040\000s\000n\000i\000p\000p\000e\000t\000s}{appendix.A}% 22
\BOOKMARK [0][-]{appendix*.8}{\376\377\000C\000h\000a\000n\000g\000e\000\040\000L\000o\000g}{}% 23
